<?xml version="1.0" encoding="UTF-8"?>
<!-- Generated by org.testng.reporters.JUnitXMLReporter -->
<testsuite ignored="0" hostname="DESKTOP-OVASR7T" failures="1" tests="3" name="Application Test" time="0.125" errors="0" timestamp="2021-01-03T18:51:26 BOT">
  <testcase classname="testNgPractica.test.TestReporting" name="testMethod2" time="0.0">
    <failure type="java.lang.AssertionError" message="expected [true] but found [false]">
      <![CDATA[java.lang.AssertionError: expected [true] but found [false]
at testNgPractica.test.TestReporting.testMethod2(TestReporting.java:37)
at java.base/java.util.ArrayList.forEach(ArrayList.java:1511)
at com.intellij.rt.testng.IDEARemoteTestNG.run(IDEARemoteTestNG.java:66)
at com.intellij.rt.testng.RemoteTestNGStarter.main(RemoteTestNGStarter.java:109)
... Removed 28 stack frames]]>
    </failure>
  </testcase> <!-- testMethod2 -->
  <testcase classname="testNgPractica.test.TestReporting" name="testMethod1" time="0.0"/>
  <testcase classname="testNgPractica.test.TestReporting" name="testMethod3" time="0.0">
    <skipped/>
  </testcase> <!-- testMethod3 -->
</testsuite> <!-- Application Test -->
